2026-04-09 13:04:00,426 [INFO] === KORI CBN Registry Scraper Starting ===
2026-04-09 13:04:00,426 [INFO] Scraping Deposit Money Banks from https://www.cbn.gov.ng/supervision/Inst-DM.asp
2026-04-09 13:04:03,263 [WARNING] Attempt 1 failed for https://www.cbn.gov.ng/supervision/Inst-DM.asp: 404 Client Error: Not Found for url: https://www.cbn.gov.ng/supervision/Inst-DM.asp. Retrying in 1s...
2026-04-09 13:04:05,386 [WARNING] Attempt 2 failed for https://www.cbn.gov.ng/supervision/Inst-DM.asp: 404 Client Error: Not Found for url: https://www.cbn.gov.ng/supervision/Inst-DM.asp. Retrying in 2s...
2026-04-09 13:04:08,081 [WARNING] Attempt 3 failed for https://www.cbn.gov.ng/supervision/Inst-DM.asp: 404 Client Error: Not Found for url: https://www.cbn.gov.ng/supervision/Inst-DM.asp. Retrying in 4s...
2026-04-09 13:04:12,082 [ERROR] All retries exhausted for https://www.cbn.gov.ng/supervision/Inst-DM.asp
2026-04-09 13:04:14,086 [INFO] Scraping Payment Service Providers from https://www.cbn.gov.ng/supervision/PSP.asp
2026-04-09 13:04:14,783 [WARNING] Attempt 1 failed for https://www.cbn.gov.ng/supervision/PSP.asp: 404 Client Error: Not Found for url: https://www.cbn.gov.ng/supervision/PSP.asp. Retrying in 1s...
2026-04-09 13:04:16,395 [WARNING] Attempt 2 failed for https://www.cbn.gov.ng/supervision/PSP.asp: 404 Client Error: Not Found for url: https://www.cbn.gov.ng/supervision/PSP.asp. Retrying in 2s...
2026-04-09 13:04:19,010 [WARNING] Attempt 3 failed for https://www.cbn.gov.ng/supervision/PSP.asp: 404 Client Error: Not Found for url: https://www.cbn.gov.ng/supervision/PSP.asp. Retrying in 4s...
2026-04-09 13:04:23,011 [ERROR] All retries exhausted for https://www.cbn.gov.ng/supervision/PSP.asp
2026-04-09 13:04:25,013 [INFO] Scraping Mobile Money Operators from https://www.cbn.gov.ng/supervision/MMO.asp
2026-04-09 13:04:25,599 [WARNING] Attempt 1 failed for https://www.cbn.gov.ng/supervision/MMO.asp: 404 Client Error: Not Found for url: https://www.cbn.gov.ng/supervision/MMO.asp. Retrying in 1s...
2026-04-09 13:04:27,180 [WARNING] Attempt 2 failed for https://www.cbn.gov.ng/supervision/MMO.asp: 404 Client Error: Not Found for url: https://www.cbn.gov.ng/supervision/MMO.asp. Retrying in 2s...
2026-04-09 13:04:29,764 [WARNING] Attempt 3 failed for https://www.cbn.gov.ng/supervision/MMO.asp: 404 Client Error: Not Found for url: https://www.cbn.gov.ng/supervision/MMO.asp. Retrying in 4s...
2026-04-09 13:04:33,765 [ERROR] All retries exhausted for https://www.cbn.gov.ng/supervision/MMO.asp
2026-04-09 13:04:35,768 [INFO] Scraping Microfinance Banks from https://www.cbn.gov.ng/supervision/MFB.asp
2026-04-09 13:04:36,352 [WARNING] Attempt 1 failed for https://www.cbn.gov.ng/supervision/MFB.asp: 404 Client Error: Not Found for url: https://www.cbn.gov.ng/supervision/MFB.asp. Retrying in 1s...
2026-04-09 13:04:37,932 [WARNING] Attempt 2 failed for https://www.cbn.gov.ng/supervision/MFB.asp: 404 Client Error: Not Found for url: https://www.cbn.gov.ng/supervision/MFB.asp. Retrying in 2s...
2026-04-09 13:04:40,484 [WARNING] Attempt 3 failed for https://www.cbn.gov.ng/supervision/MFB.asp: 404 Client Error: Not Found for url: https://www.cbn.gov.ng/supervision/MFB.asp. Retrying in 4s...
2026-04-09 13:04:44,486 [ERROR] All retries exhausted for https://www.cbn.gov.ng/supervision/MFB.asp
2026-04-09 13:04:46,488 [INFO] Scraping Finance Companies from https://www.cbn.gov.ng/supervision/FC.asp
2026-04-09 13:04:47,088 [WARNING] Attempt 1 failed for https://www.cbn.gov.ng/supervision/FC.asp: 404 Client Error: Not Found for url: https://www.cbn.gov.ng/supervision/FC.asp. Retrying in 1s...
2026-04-09 13:04:48,673 [WARNING] Attempt 2 failed for https://www.cbn.gov.ng/supervision/FC.asp: 404 Client Error: Not Found for url: https://www.cbn.gov.ng/supervision/FC.asp. Retrying in 2s...
2026-04-09 13:04:51,235 [WARNING] Attempt 3 failed for https://www.cbn.gov.ng/supervision/FC.asp: 404 Client Error: Not Found for url: https://www.cbn.gov.ng/supervision/FC.asp. Retrying in 4s...
2026-04-09 13:04:55,236 [ERROR] All retries exhausted for https://www.cbn.gov.ng/supervision/FC.asp
2026-04-09 13:04:57,238 [INFO] Scraping Primary Mortgage Banks from https://www.cbn.gov.ng/supervision/PMB.asp
2026-04-09 13:04:57,809 [WARNING] Attempt 1 failed for https://www.cbn.gov.ng/supervision/PMB.asp: 404 Client Error: Not Found for url: https://www.cbn.gov.ng/supervision/PMB.asp. Retrying in 1s...
